0 verbose cli D:\Programs\nodejs\node.exe D:\Programs\nodejs\node_modules\npm\bin\npm-cli.js
1 info using npm@10.8.2
2 info using node@v20.20.0
3 silly config load:file:D:\Programs\nvm\v20.20.0\node_modules\npm\npmrc
4 silly config load:file:d:\Dev\db-insights\.npmrc
5 silly config load:file:C:\Users\Muhammad Khalil\.npmrc
6 silly config load:file:D:\Programs\nodejs\etc\npmrc
7 verbose title npm view react description dist-tags.latest homepage version time
8 verbose argv "view" "--json" "--" "react" "description" "dist-tags.latest" "homepage" "version" "time"
9 verbose logfile logs-max:10 dir:D:\Dev\db-insights\npm-cache\_logs\2026-04-13T18_10_37_243Z-
10 verbose logfile D:\Dev\db-insights\npm-cache\_logs\2026-04-13T18_10_37_243Z-debug-0.log
11 silly logfile done cleaning log files
12 http fetch GET 200 https://registry.npmjs.org/npm 1596ms
13 http fetch GET 200 https://registry.npmjs.org/react 4709ms (cache miss)
14 verbose cwd d:\Dev\db-insights
15 verbose os Windows_NT 10.0.19045
16 verbose node v20.20.0
17 verbose npm  v10.8.2
18 notice
18 notice New major version of npm available! 10.8.2 -> 11.12.1
18 notice Changelog: https://github.com/npm/cli/releases/tag/v11.12.1
18 notice To update run: npm install -g npm@11.12.1
18 notice  { force: true, [Symbol(proc-log.meta)]: true }
19 verbose exit 0
20 info ok
