0 verbose cli D:\Programs\nodejs\node.exe D:\Programs\nodejs\node_modules\npm\bin\npm-cli.js
1 info using npm@10.8.2
2 info using node@v20.20.0
3 silly config load:file:D:\Programs\nvm\v20.20.0\node_modules\npm\npmrc
4 silly config load:file:d:\Dev\db-insights\.npmrc
5 silly config load:file:C:\Users\Muhammad Khalil\.npmrc
6 silly config load:file:D:\Programs\nodejs\etc\npmrc
7 verbose title npm view mysql2 description dist-tags.latest homepage version time
8 verbose argv "view" "--json" "--" "mysql2" "description" "dist-tags.latest" "homepage" "version" "time"
9 verbose logfile logs-max:10 dir:D:\Dev\db-insights\npm-cache\_logs\2026-04-13T18_10_37_236Z-
10 verbose logfile D:\Dev\db-insights\npm-cache\_logs\2026-04-13T18_10_37_236Z-debug-0.log
0 verbose cli D:\Programs\nodejs\node.exe D:\Programs\nodejs\node_modules\npm\bin\npm-cli.js
1 info using npm@10.8.2
2 info using node@v20.20.0
3 silly config load:file:D:\Programs\nvm\v20.20.0\node_modules\npm\npmrc
4 silly config load:file:d:\Dev\db-insights\.npmrc
5 silly config load:file:C:\Users\Muhammad Khalil\.npmrc
6 silly config load:file:D:\Programs\nodejs\etc\npmrc
7 verbose title npm view next description dist-tags.latest homepage version time
8 verbose argv "view" "--json" "--" "next" "description" "dist-tags.latest" "homepage" "version" "time"
9 verbose logfile logs-max:10 dir:D:\Dev\db-insights\npm-cache\_logs\2026-04-13T18_10_37_236Z-
10 verbose logfile D:\Dev\db-insights\npm-cache\_logs\2026-04-13T18_10_37_236Z-debug-0.log
0 verbose cli D:\Programs\nodejs\node.exe D:\Programs\nodejs\node_modules\npm\bin\npm-cli.js
1 info using npm@10.8.2
2 info using node@v20.20.0
3 silly config load:file:D:\Programs\nvm\v20.20.0\node_modules\npm\npmrc
4 silly config load:file:d:\Dev\db-insights\.npmrc
5 silly config load:file:C:\Users\Muhammad Khalil\.npmrc
6 silly config load:file:D:\Programs\nodejs\etc\npmrc
7 verbose title npm view lucide-react description dist-tags.latest homepage version time
8 verbose argv "view" "--json" "--" "lucide-react" "description" "dist-tags.latest" "homepage" "version" "time"
9 verbose logfile logs-max:10 dir:D:\Dev\db-insights\npm-cache\_logs\2026-04-13T18_10_37_236Z-
10 verbose logfile D:\Dev\db-insights\npm-cache\_logs\2026-04-13T18_10_37_236Z-debug-0.log
11 silly logfile done cleaning log files
11 silly logfile done cleaning log files
11 silly logfile done cleaning log files
12 http fetch GET 200 https://registry.npmjs.org/lucide-react 2051ms (cache miss)
13 verbose cwd d:\Dev\db-insights
14 verbose os Windows_NT 10.0.19045
15 verbose node v20.20.0
16 verbose npm  v10.8.2
17 verbose exit 0
18 info ok
12 http fetch GET 200 https://registry.npmjs.org/mysql2 2694ms (cache miss)
13 verbose cwd d:\Dev\db-insights
14 verbose os Windows_NT 10.0.19045
15 verbose node v20.20.0
16 verbose npm  v10.8.2
17 verbose exit 0
18 info ok
12 http fetch GET 200 https://registry.npmjs.org/next 6788ms (cache miss)
13 verbose cwd d:\Dev\db-insights
14 verbose os Windows_NT 10.0.19045
15 verbose node v20.20.0
16 verbose npm  v10.8.2
17 verbose exit 0
18 info ok
